2023-05-22 21:09:23 +0000 [MT] Initial pipeline context: <IDEDistributionProcessingPipelineContext: 0x7f914613e5e0; archive(resolved)="<IDEArchive: 0x600003b7b360>", distributionTask(resolved)="2", distributionDestination(resolved)="1", distributionMethod(resolved)="<IDEDistributionMethodDevelopmentSigned: 0x600001de3d00>", team(resolved)="<IDEProvisioningBasicTeam: 0x600001e888c0; teamID='X93K6MEBXB', teamName='(null)'>">
	Chain (13, self inclusive):
	<IDEDistributionProcessingPipelineContext: 0x7f914613e5e0; archive = "<IDEArchive: 0x600003b7b360>", distributionMethod="<IDEDistributionMethodDevelopmentSigned: 0x600001de3d00>", team="<IDEProvisioningBasicTeam: 0x600001e888c0; teamID='X93K6MEBXB', teamName='(null)'>">
	<IDEDistributionProcessingPipelineContext: 0x7f91463404b0; archive = "<IDEArchive: 0x600003b7b360>", distributionMethod="<IDEDistributionMethodDevelopmentSigned: 0x600001de3d00>", team="<IDEProvisioningBasicTeam: 0x600001e888c0; teamID='X93K6MEBXB', teamName='(null)'>">
	<IDEDistributionContext: 0x7f91457d7d70; archive = "<IDEArchive: 0x600003b7b360>", distributionMethod="<IDEDistributionMethodDevelopmentSigned: 0x600001de3d00>", team="<IDEProvisioningBasicTeam: 0x600001e888c0; teamID='X93K6MEBXB', teamName='(null)'>">
	<IDEDistributionContext: 0x7f9146236f10; archive = "<IDEArchive: 0x600003b7b360>", distributionMethod="<IDEDistributionMethodDevelopmentSigned: 0x600001de3d00>", team="<IDEProvisioningBasicTeam: 0x600001e888c0; teamID='X93K6MEBXB', teamName='(null)'>">
	<IDEDistributionContext: 0x7f91457c9210; archive = "<IDEArchive: 0x600003b7b360>", distributionMethod="<IDEDistributionMethodDevelopmentSigned: 0x600001de3d00>", team="<IDEProvisioningBasicTeam: 0x600001e888c0; teamID='X93K6MEBXB', teamName='(null)'>">
	<IDEDistributionContext: 0x7f91457c8df0; archive = "<IDEArchive: 0x600003b7b360>", distributionMethod="<IDEDistributionMethodDevelopmentSigned: 0x600001de3d00>", team="<IDEProvisioningBasicTeam: 0x600001e888c0; teamID='X93K6MEBXB', teamName='(null)'>">
	<IDEDistributionContext: 0x7f91457c8920; archive = "<IDEArchive: 0x600003b7b360>", distributionMethod="<IDEDistributionMethodDevelopmentSigned: 0x600001de3d00>", team="<IDEProvisioningBasicTeam: 0x600001e888c0; teamID='X93K6MEBXB', teamName='(null)'>">
	<IDEDistributionContext: 0x7f914623c950; archive = "<IDEArchive: 0x600003b7b360>", distributionMethod="<IDEDistributionMethodDevelopmentSigned: 0x600001de3d00>", team="<IDEProvisioningBasicTeam: 0x600001e888c0; teamID='X93K6MEBXB', teamName='(null)'>">
	<IDEDistributionContext: 0x7f91457c1470; archive = "<IDEArchive: 0x600003b7b360>", distributionMethod="<IDEDistributionMethodDevelopmentSigned: 0x600001de3d00>", team="<IDEProvisioningBasicTeam: 0x600001e888c0; teamID='X93K6MEBXB', teamName='(null)'>">
	<IDEDistributionContext: 0x7f91457c0710; archive = "<IDEArchive: 0x600003b7b360>", distributionMethod="<IDEDistributionMethodDevelopmentSigned: 0x600001de3d00>", team="(null)">
	<IDEDistributionContext: 0x7f91462417d0; archive = "<IDEArchive: 0x600003b7b360>", distributionMethod="<IDEDistributionMethodDevelopmentSigned: 0x600001de3d00>", team="(null)">
	<IDEDistributionContext: 0x7f9146439400; archive = "<IDEArchive: 0x600003b7b360>", distributionMethod="<IDEDistributionMethodDevelopmentSigned: 0x600001de3d00>", team="(null)">
	<IDEDistributionContext: 0x7f9146435d50; archive = "<IDEArchive: 0x600003b7b360>", distributionMethod="(null)", team="(null)">
</IDEDistributionProcessingPipelineContext: 0x7f914613e5e0>
2023-05-22 21:09:23 +0000 [MT] Processing step: IDEDistributionCreateDestRootStep
2023-05-22 21:09:23 +0000 [MT] Processing step: IDEDistributionCopyItemStep
2023-05-22 21:09:23 +0000 [MT] Running /usr/bin/ditto '-V' '/Users/maximlanskoy/Isometrica/Export/iOS/Isometrica.xcarchive/Products/Applications/Isometrica.app' '/var/folders/w8/c603x9qd01747gwjqwf5q6w00000gn/T/XcodeDistPipeline.~~~bisEEO/Root/Payload/Isometrica.app'
2023-05-22 21:09:23 +0000  >>> Copying /Users/maximlanskoy/Isometrica/Export/iOS/Isometrica.xcarchive/Products/Applications/Isometrica.app 
2023-05-22 21:09:23 +0000  copying file ./_CodeSignature/CodeResources ... 
2023-05-22 21:09:23 +0000  6114 bytes for ./_CodeSignature/CodeResources
2023-05-22 21:09:23 +0000  copying file ./LaunchImage-1100-Portrait-2436h@3x.png ... 
2023-05-22 21:09:23 +0000  71185 bytes for ./LaunchImage-1100-Portrait-2436h@3x.png
2023-05-22 21:09:23 +0000  copying file ./en.lproj/InfoPlist.strings ... 
2023-05-22 21:09:23 +0000  42 bytes for ./en.lproj/InfoPlist.strings
2023-05-22 21:09:23 +0000  copying file ./AppIcon60x60@2x.png ... 
2023-05-22 21:09:23 +0000  8935 bytes for ./AppIcon60x60@2x.png
2023-05-22 21:09:23 +0000  copying file ./LaunchImage-1100-Landscape-2436h@3x.png ... 
2023-05-22 21:09:23 +0000  108440 bytes for ./LaunchImage-1100-Landscape-2436h@3x.png
2023-05-22 21:09:23 +0000  copying file ./LaunchImage-800-667h@2x.png ... 
2023-05-22 21:09:23 +0000  33052 bytes for ./LaunchImage-800-667h@2x.png
2023-05-22 21:09:23 +0000  copying file ./Isometrica.pck ... 
2023-05-22 21:09:23 +0000  2097552 bytes for ./Isometrica.pck
2023-05-22 21:09:23 +0000  copying file ./LaunchImage-700-Portrait~ipad.png ... 
33936 bytes for ./LaunchImage-700-Portrait~ipad.png
copying file ./Assets.car ... 
2023-05-22 21:09:23 +0000  414408 bytes for ./Assets.car
2023-05-22 21:09:23 +0000  copying file ./AppIcon76x76@2x~ipad.png ... 
2023-05-22 21:09:23 +0000  12953 bytes for ./AppIcon76x76@2x~ipad.png
2023-05-22 21:09:23 +0000  copying file ./LaunchImage-800-Portrait-736h@3x.png ... 
2023-05-22 21:09:23 +0000  81050 bytes for ./LaunchImage-800-Portrait-736h@3x.png
2023-05-22 21:09:23 +0000  copying file ./Isometrica ... 
2023-05-22 21:09:23 +0000  53119664 bytes for ./Isometrica
copying file ./LaunchImage-700@2x.png ... 
2023-05-22 21:09:23 +0000  25343 bytes for ./LaunchImage-700@2x.png
copying file ./LaunchImage-700-568h@2x.png ... 
26112 bytes for ./LaunchImage-700-568h@2x.png
copying file ./LaunchImage-700-Landscape@2x~ipad.png ... 
179184 bytes for ./LaunchImage-700-Landscape@2x~ipad.png
copying file ./embedded.mobileprovision ... 
13133 bytes for ./embedded.mobileprovision
copying file ./LaunchImage-800-Landscape-736h@3x.png ... 
2023-05-22 21:09:23 +0000  126112 bytes for ./LaunchImage-800-Landscape-736h@3x.png
2023-05-22 21:09:23 +0000  copying file ./LaunchImage-700-Portrait@2x~ipad.png ... 
2023-05-22 21:09:23 +0000  112177 bytes for ./LaunchImage-700-Portrait@2x~ipad.png
copying file ./LaunchImage-700-Landscape~ipad.png ... 
2023-05-22 21:09:23 +0000  51362 bytes for ./LaunchImage-700-Landscape~ipad.png
copying file ./Info.plist ... 
2023-05-22 21:09:23 +0000  2085 bytes for ./Info.plist
2023-05-22 21:09:23 +0000  copying file ./PkgInfo ... 
2023-05-22 21:09:23 +0000  8 bytes for ./PkgInfo
2023-05-22 21:09:23 +0000 [MT] /usr/bin/ditto exited with 0
2023-05-22 21:09:23 +0000 [MT] Processing step: IDEDistributionEmbedProfileStep
2023-05-22 21:09:23 +0000 [MT] Processing step: IDEDistributionInfoPlistStep
2023-05-22 21:09:23 +0000 [MT] Skipping step: IDEDistributionInfoPlistStep because it said so
2023-05-22 21:09:23 +0000 [MT] Processing step: IDEDistributionAppThinningPlistStep
2023-05-22 21:09:23 +0000 [MT] Skipping step: IDEDistributionAppThinningPlistStep because it said so
2023-05-22 21:09:23 +0000 [MT] Processing step: IDEDistributionCompileBitcodeStep
2023-05-22 21:09:23 +0000 [MT] Skipping step: IDEDistributionCompileBitcodeStep because it said so
2023-05-22 21:09:23 +0000 [MT] Processing step: IDEDistributionCodeSlimmingStep
2023-05-22 21:09:23 +0000 [MT] Processing step: IDEDistributionCopyBCSymbolMapsStep
2023-05-22 21:09:23 +0000 [MT] Skipping step: IDEDistributionCopyBCSymbolMapsStep because it said so
2023-05-22 21:09:23 +0000 [MT] Processing step: IDEDistributionSymbolsStep
2023-05-22 21:09:23 +0000 [MT] Skipping step: IDEDistributionSymbolsStep because it said so
2023-05-22 21:09:23 +0000 [MT] Processing step: IDEDistributionAppThinningStep
2023-05-22 21:09:23 +0000 [MT] Skipping step: IDEDistributionAppThinningStep because it said so
2023-05-22 21:09:23 +0000 [MT] Processing step: IDEDistributionArchThinningStep
2023-05-22 21:09:23 +0000 [MT] Running /Applications/Xcode.app/Contents/Developer/Toolchains/XcodeDefault.xctoolchain/usr/bin/lipo '/var/folders/w8/c603x9qd01747gwjqwf5q6w00000gn/T/XcodeDistPipeline.~~~bisEEO/Root/Payload/Isometrica.app/Isometrica' '-verify_arch' 'arm64e'
2023-05-22 21:09:23 +0000 [MT] /Applications/Xcode.app/Contents/Developer/Toolchains/XcodeDefault.xctoolchain/usr/bin/lipo exited with 1
2023-05-22 21:09:23 +0000 [MT] Skipping architecture thinning for item "Isometrica" because arch "arm64e" wasn't found
2023-05-22 21:09:23 +0000 [MT] Processing step: IDEDistributionODRStep
2023-05-22 21:09:23 +0000 [MT] Processing step: IDEDistributionStripXattrsStep
2023-05-22 21:09:23 +0000 [MT] Running /usr/bin/xattr '-crs' '/var/folders/w8/c603x9qd01747gwjqwf5q6w00000gn/T/XcodeDistPipeline.~~~bisEEO/Root/Payload/Isometrica.app'
2023-05-22 21:09:23 +0000 [MT] /usr/bin/xattr exited with 0
2023-05-22 21:09:23 +0000 [MT] Processing step: IDEDistributionCodesignStep
2023-05-22 21:09:23 +0000 [MT] Entitlements for <IDEDistributionItem: 0x600003b55c80; bundleID='games.llabs.isometrica', path='<DVTFilePath:0x60000345bf00:'/Users/maximlanskoy/Isometrica/Export/iOS/Isometrica.xcarchive/Products/Applications/Isometrica.app'>', codeSigningInfo='<_DVTCodeSigningInformation_Path: 0x600003c04e60; isSigned='1', isAdHocSigned='0', signingCertificate='<DVTSigningCertificate: 0x6000028da5d0; name='Apple Development: Maxim Lanskoy (6PDYEG9RX8)', hash='4AB10B812652EE9276EB6DA51F2D3229E71F9997', serialNumber='68C77FC97F0114509CBE98482909B1F3', certificateKinds='(
    "1.2.840.113635.100.6.1.12",
    "1.2.840.113635.100.6.1.2"
), issueDate='2022-11-02 13:45:05 +0000''>', entitlements='{
    "application-identifier" = "X93K6MEBXB.games.llabs.isometrica";
    "com.apple.developer.team-identifier" = X93K6MEBXB;
    "get-task-allow" = 1;
}', teamID='X93K6MEBXB', identifier='games.llabs.isometrica', executablePath='<DVTFilePath:0x600003452290:'/Users/maximlanskoy/Isometrica/Export/iOS/Isometrica.xcarchive/Products/Applications/Isometrica.app/Isometrica'>', hardenedRuntime='0'>'>: {
    "application-identifier" = "X93K6MEBXB.games.llabs.isometrica";
    "com.apple.developer.team-identifier" = X93K6MEBXB;
    "get-task-allow" = 1;
}
2023-05-22 21:09:23 +0000 [MT] Entitlements for <IDEDistributionItem: 0x600003b55c80; bundleID='games.llabs.isometrica', path='<DVTFilePath:0x60000345bf00:'/Users/maximlanskoy/Isometrica/Export/iOS/Isometrica.xcarchive/Products/Applications/Isometrica.app'>', codeSigningInfo='<_DVTCodeSigningInformation_Path: 0x600003c04e60; isSigned='1', isAdHocSigned='0', signingCertificate='<DVTSigningCertificate: 0x6000028daaa0; name='Apple Development: Maxim Lanskoy (6PDYEG9RX8)', hash='4AB10B812652EE9276EB6DA51F2D3229E71F9997', serialNumber='68C77FC97F0114509CBE98482909B1F3', certificateKinds='(
    "1.2.840.113635.100.6.1.12",
    "1.2.840.113635.100.6.1.2"
), issueDate='2022-11-02 13:45:05 +0000''>', entitlements='{
    "application-identifier" = "X93K6MEBXB.games.llabs.isometrica";
    "com.apple.developer.team-identifier" = X93K6MEBXB;
    "get-task-allow" = 1;
}', teamID='X93K6MEBXB', identifier='games.llabs.isometrica', executablePath='<DVTFilePath:0x600003452290:'/Users/maximlanskoy/Isometrica/Export/iOS/Isometrica.xcarchive/Products/Applications/Isometrica.app/Isometrica'>', hardenedRuntime='0'>'> are: {
    "application-identifier" = "X93K6MEBXB.games.llabs.isometrica";
    "com.apple.developer.team-identifier" = X93K6MEBXB;
    "get-task-allow" = 1;
}
2023-05-22 21:09:23 +0000 [MT] Writing entitlements for <IDEDistributionItem: 0x600003b55c80; bundleID='games.llabs.isometrica', path='<DVTFilePath:0x60000345bf00:'/Users/maximlanskoy/Isometrica/Export/iOS/Isometrica.xcarchive/Products/Applications/Isometrica.app'>', codeSigningInfo='<_DVTCodeSigningInformation_Path: 0x600003c04e60; isSigned='1', isAdHocSigned='0', signingCertificate='<DVTSigningCertificate: 0x6000028dae10; name='Apple Development: Maxim Lanskoy (6PDYEG9RX8)', hash='4AB10B812652EE9276EB6DA51F2D3229E71F9997', serialNumber='68C77FC97F0114509CBE98482909B1F3', certificateKinds='(
    "1.2.840.113635.100.6.1.12",
    "1.2.840.113635.100.6.1.2"
), issueDate='2022-11-02 13:45:05 +0000''>', entitlements='{
    "application-identifier" = "X93K6MEBXB.games.llabs.isometrica";
    "com.apple.developer.team-identifier" = X93K6MEBXB;
    "get-task-allow" = 1;
}', teamID='X93K6MEBXB', identifier='games.llabs.isometrica', executablePath='<DVTFilePath:0x600003452290:'/Users/maximlanskoy/Isometrica/Export/iOS/Isometrica.xcarchive/Products/Applications/Isometrica.app/Isometrica'>', hardenedRuntime='0'>'> to: /var/folders/w8/c603x9qd01747gwjqwf5q6w00000gn/T/XcodeDistPipeline.~~~bisEEO/entitlements~~~dFqtk5
2023-05-22 21:09:23 +0000 [MT] Running /usr/bin/codesign '-vvv' '--force' '--sign' '4AB10B812652EE9276EB6DA51F2D3229E71F9997' '--entitlements' '/var/folders/w8/c603x9qd01747gwjqwf5q6w00000gn/T/XcodeDistPipeline.~~~bisEEO/entitlements~~~dFqtk5' '--generate-entitlement-der' '--preserve-metadata=identifier,flags,runtime' '/var/folders/w8/c603x9qd01747gwjqwf5q6w00000gn/T/XcodeDistPipeline.~~~bisEEO/Root/Payload/Isometrica.app'
2023-05-22 21:09:23 +0000  /var/folders/w8/c603x9qd01747gwjqwf5q6w00000gn/T/XcodeDistPipeline.~~~bisEEO/Root/Payload/Isometrica.app: replacing existing signature
2023-05-22 21:09:24 +0000  /var/folders/w8/c603x9qd01747gwjqwf5q6w00000gn/T/XcodeDistPipeline.~~~bisEEO/Root/Payload/Isometrica.app: signed app bundle with Mach-O thin (arm64) [games.llabs.isometrica]
2023-05-22 21:09:24 +0000 [MT] /usr/bin/codesign exited with 0
2023-05-22 21:09:24 +0000 [MT] Processing step: IDEDistributionZipODRItemStep
2023-05-22 21:09:24 +0000 [MT] Skipping step: IDEDistributionZipODRItemStep because it said so
2023-05-22 21:09:24 +0000 [MT] Processing step: IDEDistributionCreateIPAStep
2023-05-22 21:09:24 +0000 [MT] Running /usr/bin/ditto '-V' '-c' '-k' '--norsrc' '/var/folders/w8/c603x9qd01747gwjqwf5q6w00000gn/T/XcodeDistPipeline.~~~bisEEO/Root' '/var/folders/w8/c603x9qd01747gwjqwf5q6w00000gn/T/XcodeDistPipeline.~~~bisEEO/Packages/Isometrica.ipa'
2023-05-22 21:09:24 +0000  >>> Copying /var/folders/w8/c603x9qd01747gwjqwf5q6w00000gn/T/XcodeDistPipeline.~~~bisEEO/Root 
2023-05-22 21:09:24 +0000  copying file ./Payload/Isometrica.app/_CodeSignature/CodeResources ... 
2023-05-22 21:09:24 +0000  6114 bytes for ./Payload/Isometrica.app/_CodeSignature/CodeResources
copying file ./Payload/Isometrica.app/LaunchImage-1100-Portrait-2436h@3x.png ... 
2023-05-22 21:09:24 +0000  71185 bytes for ./Payload/Isometrica.app/LaunchImage-1100-Portrait-2436h@3x.png
2023-05-22 21:09:24 +0000  copying file ./Payload/Isometrica.app/en.lproj/InfoPlist.strings ... 
42 bytes for ./Payload/Isometrica.app/en.lproj/InfoPlist.strings
copying file ./Payload/Isometrica.app/AppIcon60x60@2x.png ... 
2023-05-22 21:09:24 +0000  8935 bytes for ./Payload/Isometrica.app/AppIcon60x60@2x.png
2023-05-22 21:09:24 +0000  copying file ./Payload/Isometrica.app/LaunchImage-1100-Landscape-2436h@3x.png ... 
2023-05-22 21:09:24 +0000  108440 bytes for ./Payload/Isometrica.app/LaunchImage-1100-Landscape-2436h@3x.png
copying file ./Payload/Isometrica.app/LaunchImage-800-667h@2x.png ... 
2023-05-22 21:09:24 +0000  33052 bytes for ./Payload/Isometrica.app/LaunchImage-800-667h@2x.png
copying file ./Payload/Isometrica.app/Isometrica.pck ... 
2023-05-22 21:09:24 +0000  2097552 bytes for ./Payload/Isometrica.app/Isometrica.pck
copying file ./Payload/Isometrica.app/LaunchImage-700-Portrait~ipad.png ... 
2023-05-22 21:09:24 +0000  33936 bytes for ./Payload/Isometrica.app/LaunchImage-700-Portrait~ipad.png
2023-05-22 21:09:24 +0000  copying file ./Payload/Isometrica.app/Assets.car ... 
2023-05-22 21:09:24 +0000  414408 bytes for ./Payload/Isometrica.app/Assets.car
copying file ./Payload/Isometrica.app/AppIcon76x76@2x~ipad.png ... 
2023-05-22 21:09:24 +0000  12953 bytes for ./Payload/Isometrica.app/AppIcon76x76@2x~ipad.png
copying file ./Payload/Isometrica.app/LaunchImage-800-Portrait-736h@3x.png ... 
2023-05-22 21:09:24 +0000  81050 bytes for ./Payload/Isometrica.app/LaunchImage-800-Portrait-736h@3x.png
copying file ./Payload/Isometrica.app/Isometrica ... 
2023-05-22 21:09:25 +0000  53119664 bytes for ./Payload/Isometrica.app/Isometrica
copying file ./Payload/Isometrica.app/LaunchImage-700@2x.png ... 
2023-05-22 21:09:25 +0000  25343 bytes for ./Payload/Isometrica.app/LaunchImage-700@2x.png
copying file ./Payload/Isometrica.app/LaunchImage-700-568h@2x.png ... 
2023-05-22 21:09:25 +0000  26112 bytes for ./Payload/Isometrica.app/LaunchImage-700-568h@2x.png
copying file ./Payload/Isometrica.app/LaunchImage-700-Landscape@2x~ipad.png ... 
2023-05-22 21:09:25 +0000  179184 bytes for ./Payload/Isometrica.app/LaunchImage-700-Landscape@2x~ipad.png
copying file ./Payload/Isometrica.app/embedded.mobileprovision ... 
2023-05-22 21:09:25 +0000  13133 bytes for ./Payload/Isometrica.app/embedded.mobileprovision
2023-05-22 21:09:25 +0000  copying file ./Payload/Isometrica.app/LaunchImage-800-Landscape-736h@3x.png ... 
2023-05-22 21:09:25 +0000  126112 bytes for ./Payload/Isometrica.app/LaunchImage-800-Landscape-736h@3x.png
copying file ./Payload/Isometrica.app/LaunchImage-700-Portrait@2x~ipad.png ... 
2023-05-22 21:09:25 +0000  112177 bytes for ./Payload/Isometrica.app/LaunchImage-700-Portrait@2x~ipad.png
copying file ./Payload/Isometrica.app/LaunchImage-700-Landscape~ipad.png ... 
2023-05-22 21:09:25 +0000  51362 bytes for ./Payload/Isometrica.app/LaunchImage-700-Landscape~ipad.png
copying file ./Payload/Isometrica.app/Info.plist ... 
2023-05-22 21:09:25 +0000  2085 bytes for ./Payload/Isometrica.app/Info.plist
copying file ./Payload/Isometrica.app/PkgInfo ... 
8 bytes for ./Payload/Isometrica.app/PkgInfo
2023-05-22 21:09:25 +0000 [MT] /usr/bin/ditto exited with 0
2023-05-22 21:09:25 +0000 [MT] Processing step: IDEDistributionAppStoreInformationStep
2023-05-22 21:09:25 +0000 [MT] Skipping step: IDEDistributionAppStoreInformationStep because it said so
2023-05-22 21:09:25 +0000 [MT] Processing step: IDEDistributionGenerateProcessedDistributionItems
2023-05-22 21:09:25 +0000 [MT] IDEDistributionItem init <DVTFilePath:0x60000342c3f0:'/var/folders/w8/c603x9qd01747gwjqwf5q6w00000gn/T/XcodeDistPipeline.~~~bisEEO/Root/Payload/Isometrica.app'>
2023-05-22 21:09:25 +0000 [MT] Processing step: IDEDistributionCreateManifestStep
